<?xml version="1.0" encoding="UTF-8"?>
<testng-results skipped="0" failed="1" total="4" passed="3">
  <reporter-output>
  </reporter-output>
  <suite name="Suite" duration-ms="47273" started-at="2018-01-03T12:55:32Z" finished-at="2018-01-03T12:56:19Z">
    <groups>
    </groups>
    <test name="Test" duration-ms="45792" started-at="2018-01-03T12:55:32Z" finished-at="2018-01-03T12:56:18Z">
      <class name="com.ActionsClass.Demo.CrossBrowserTesting_Demo">
        <test-method status="PASS" signature="crossBrowserTesting_Demo(java.lang.String)[pri:0, instance:com.ActionsClass.Demo.CrossBrowserTesting_Demo@721e0f4f]" name="crossBrowserTesting_Demo" is-config="true" duration-ms="2318" started-at="2018-01-03T18:25:32Z" finished-at="2018-01-03T18:25:34Z">
          <params>
            <param index="0">
              <value>
                <![CDATA[Chrome]]>
              </value>
            </param>
          </params>
          <reporter-output>
          </reporter-output>
        </test-method> <!-- crossBrowserTesting_Demo -->
        <test-method status="PASS" signature="x()[pri:1, instance:com.ActionsClass.Demo.CrossBrowserTesting_Demo@721e0f4f]" name="x" duration-ms="29274" started-at="2018-01-03T18:25:34Z" finished-at="2018-01-03T18:26:04Z">
          <reporter-output>
          </reporter-output>
        </test-method> <!-- x -->
        <test-method status="PASS" signature="crossBrowserTesting_Demo(java.lang.String)[pri:0, instance:com.ActionsClass.Demo.CrossBrowserTesting_Demo@721e0f4f]" name="crossBrowserTesting_Demo" is-config="true" duration-ms="1884" started-at="2018-01-03T18:26:04Z" finished-at="2018-01-03T18:26:06Z">
          <params>
            <param index="0">
              <value>
                <![CDATA[Chrome]]>
              </value>
            </param>
          </params>
          <reporter-output>
          </reporter-output>
        </test-method> <!-- crossBrowserTesting_Demo -->
        <test-method status="PASS" signature="y()[pri:2, instance:com.ActionsClass.Demo.CrossBrowserTesting_Demo@721e0f4f]" name="y" duration-ms="12306" started-at="2018-01-03T18:26:06Z" finished-at="2018-01-03T18:26:18Z">
          <reporter-output>
          </reporter-output>
        </test-method> <!-- y -->
      </class> <!-- com.ActionsClass.Demo.CrossBrowserTesting_Demo -->
    </test> <!-- Test -->
    <test name="Test1" duration-ms="47273" started-at="2018-01-03T12:55:32Z" finished-at="2018-01-03T12:56:19Z">
      <class name="com.ActionsClass.Demo.CrossBrowserTesting_Demo">
        <test-method status="PASS" signature="crossBrowserTesting_Demo(java.lang.String)[pri:0, instance:com.ActionsClass.Demo.CrossBrowserTesting_Demo@5e025e70]" name="crossBrowserTesting_Demo" is-config="true" duration-ms="9569" started-at="2018-01-03T18:25:32Z" finished-at="2018-01-03T18:25:42Z">
          <params>
            <param index="0">
              <value>
                <![CDATA[FF]]>
              </value>
            </param>
          </params>
          <reporter-output>
          </reporter-output>
        </test-method> <!-- crossBrowserTesting_Demo -->
        <test-method status="PASS" signature="x()[pri:1, instance:com.ActionsClass.Demo.CrossBrowserTesting_Demo@5e025e70]" name="x" duration-ms="26345" started-at="2018-01-03T18:25:42Z" finished-at="2018-01-03T18:26:08Z">
          <reporter-output>
          </reporter-output>
        </test-method> <!-- x -->
        <test-method status="PASS" signature="crossBrowserTesting_Demo(java.lang.String)[pri:0, instance:com.ActionsClass.Demo.CrossBrowserTesting_Demo@5e025e70]" name="crossBrowserTesting_Demo" is-config="true" duration-ms="4722" started-at="2018-01-03T18:26:08Z" finished-at="2018-01-03T18:26:13Z">
          <params>
            <param index="0">
              <value>
                <![CDATA[FF]]>
              </value>
            </param>
          </params>
          <reporter-output>
          </reporter-output>
        </test-method> <!-- crossBrowserTesting_Demo -->
        <test-method status="FAIL" signature="y()[pri:2, instance:com.ActionsClass.Demo.CrossBrowserTesting_Demo@5e025e70]" name="y" duration-ms="6621" started-at="2018-01-03T18:26:13Z" finished-at="2018-01-03T18:26:19Z">
          <exception class="org.openqa.selenium.remote.UnreachableBrowserException">
            <message>
              <![CDATA[Error communicating with the remote browser. It may have died.
Build info: version: '2.53.0', revision: '35ae25b', time: '2016-03-15 16:57:40'
System info: host: 'vdc01ltc2296', ip: '172.21.251.55', os.name: 'Windows 8.1', os.arch: 'amd64', os.version: '6.3', java.version: '1.8.0_45'
Driver info: driver.version: RemoteWebDriver
Capabilities [{applicationCacheEnabled=true, rotatable=false, handlesAlerts=true, databaseEnabled=true, version=45.0.2, platform=WINDOWS, nativeEvents=false, acceptSslCerts=true, webStorageEnabled=true, locationContextEnabled=true, browserName=firefox, takesScreenshot=true, javascriptEnabled=true, cssSelectorsEnabled=true}]
Session ID: f84748df-59ef-475c-affa-aa4948e1bbeb]]>
            </message>
            <full-stacktrace>
              <![CDATA[org.openqa.selenium.remote.UnreachableBrowserException: Error communicating with the remote browser. It may have died.
Build info: version: '2.53.0', revision: '35ae25b', time: '2016-03-15 16:57:40'
System info: host: 'vdc01ltc2296', ip: '172.21.251.55', os.name: 'Windows 8.1', os.arch: 'amd64', os.version: '6.3', java.version: '1.8.0_45'
Driver info: driver.version: RemoteWebDriver
Capabilities [{applicationCacheEnabled=true, rotatable=false, handlesAlerts=true, databaseEnabled=true, version=45.0.2, platform=WINDOWS, nativeEvents=false, acceptSslCerts=true, webStorageEnabled=true, locationContextEnabled=true, browserName=firefox, takesScreenshot=true, javascriptEnabled=true, cssSelectorsEnabled=true}]
Session ID: f84748df-59ef-475c-affa-aa4948e1bbeb
	at org.openqa.selenium.remote.RemoteWebDriver.execute(RemoteWebDriver.java:665)
	at org.openqa.selenium.remote.RemoteWebDriver.get(RemoteWebDriver.java:316)
	at com.ActionsClass.Demo.CrossBrowserTesting_Demo.y(CrossBrowserTesting_Demo.java:36)
	at sun.reflect.NativeMethodAccessorImpl.invoke0(Native Method)
	at sun.reflect.NativeMethodAccessorImpl.invoke(Unknown Source)
	at sun.reflect.DelegatingMethodAccessorImpl.invoke(Unknown Source)
	at java.lang.reflect.Method.invoke(Unknown Source)
	at org.testng.internal.MethodInvocationHelper.invokeMethod(MethodInvocationHelper.java:86)
	at org.testng.internal.Invoker.invokeMethod(Invoker.java:645)
	at org.testng.internal.Invoker.invokeTestMethod(Invoker.java:822)
	at org.testng.internal.Invoker.invokeTestMethods(Invoker.java:1130)
	at org.testng.internal.TestMethodWorker.invokeTestMethods(TestMethodWorker.java:129)
	at org.testng.internal.TestMethodWorker.run(TestMethodWorker.java:112)
	at org.testng.TestRunner.privateRun(TestRunner.java:782)
	at org.testng.TestRunner.run(TestRunner.java:632)
	at org.testng.SuiteRunner.runTest(SuiteRunner.java:366)
	at org.testng.SuiteRunner.access$000(SuiteRunner.java:39)
	at org.testng.SuiteRunner$SuiteWorker.run(SuiteRunner.java:400)
	at org.testng.internal.thread.ThreadUtil$2.call(ThreadUtil.java:64)
	at java.util.concurrent.FutureTask.run(Unknown Source)
	at java.util.concurrent.ThreadPoolExecutor.runWorker(Unknown Source)
	at java.util.concurrent.ThreadPoolExecutor$Worker.run(Unknown Source)
	at java.lang.Thread.run(Unknown Source)
Caused by: org.apache.http.conn.HttpHostConnectException: Connect to 127.0.0.1:7057 [/127.0.0.1] failed: Connection refused: connect
	at org.apache.http.impl.conn.DefaultHttpClientConnectionOperator.connect(DefaultHttpClientConnectionOperator.java:151)
	at org.apache.http.impl.conn.PoolingHttpClientConnectionManager.connect(PoolingHttpClientConnectionManager.java:353)
	at org.apache.http.impl.execchain.MainClientExec.establishRoute(MainClientExec.java:380)
	at org.apache.http.impl.execchain.MainClientExec.execute(MainClientExec.java:236)
	at org.apache.http.impl.execchain.ProtocolExec.execute(ProtocolExec.java:184)
	at org.apache.http.impl.execchain.RetryExec.execute(RetryExec.java:88)
	at org.apache.http.impl.execchain.RedirectExec.execute(RedirectExec.java:110)
	at org.apache.http.impl.client.InternalHttpClient.doExecute(InternalHttpClient.java:184)
	at org.apache.http.impl.client.CloseableHttpClient.execute(CloseableHttpClient.java:71)
	at org.apache.http.impl.client.CloseableHttpClient.execute(CloseableHttpClient.java:55)
	at org.openqa.selenium.remote.internal.ApacheHttpClient.fallBackExecute(ApacheHttpClient.java:162)
	at org.openqa.selenium.remote.internal.ApacheHttpClient.execute(ApacheHttpClient.java:90)
	at org.openqa.selenium.remote.HttpCommandExecutor.execute(HttpCommandExecutor.java:142)
	at org.openqa.selenium.firefox.internal.NewProfileExtensionConnection.execute(NewProfileExtensionConnection.java:160)
	at org.openqa.selenium.firefox.FirefoxDriver$LazyCommandExecutor.execute(FirefoxDriver.java:380)
	at org.openqa.selenium.remote.RemoteWebDriver.execute(RemoteWebDriver.java:644)
	... 22 more
Caused by: java.net.ConnectException: Connection refused: connect
	at java.net.DualStackPlainSocketImpl.waitForConnect(Native Method)
	at java.net.DualStackPlainSocketImpl.socketConnect(Unknown Source)
	at java.net.AbstractPlainSocketImpl.doConnect(Unknown Source)
	at java.net.AbstractPlainSocketImpl.connectToAddress(Unknown Source)
	at java.net.AbstractPlainSocketImpl.connect(Unknown Source)
	at java.net.PlainSocketImpl.connect(Unknown Source)
	at java.net.SocksSocketImpl.connect(Unknown Source)
	at java.net.Socket.connect(Unknown Source)
	at org.apache.http.conn.socket.PlainConnectionSocketFactory.connectSocket(PlainConnectionSocketFactory.java:74)
	at org.apache.http.impl.conn.DefaultHttpClientConnectionOperator.connect(DefaultHttpClientConnectionOperator.java:134)
	... 37 more
]]>
            </full-stacktrace>
          </exception> <!-- org.openqa.selenium.remote.UnreachableBrowserException -->
          <reporter-output>
          </reporter-output>
        </test-method> <!-- y -->
      </class> <!-- com.ActionsClass.Demo.CrossBrowserTesting_Demo -->
    </test> <!-- Test1 -->
  </suite> <!-- Suite -->
</testng-results>
